<?xml version="1.0" encoding="UTF-8"?>
<!-- Generated by org.testng.reporters.JUnitXMLReporter -->
<testsuite hostname="MEDLGJ620G2" name="Test" tests="5" failures="0" timestamp="19 Sep 2017 16:56:53 GMT" time="82.872" errors="0">
  <testcase name="f" time="0.01" classname="Merck.NewTest"/>
  <testcase name="basePageNavigation" time="23.504" classname="Merck.Homepage"/>
  <testcase name="basePageNavigation" time="20.378" classname="Merck.Homepage"/>
  <testcase name="basePageNavigation2" time="18.877" classname="Merck.Homepage2"/>
  <testcase name="basePageNavigation2" time="20.083" classname="Merck.Homepage2"/>
</testsuite> <!-- Test -->
