<?xml version="1.0" encoding="UTF-8"?>
<!-- Generated by org.testng.reporters.JUnitXMLReporter -->
<testsuite hostname="MEDLGJ620G2" name="Test" tests="5" failures="0" timestamp="19 Sep 2017 18:46:18 GMT" time="85.866" errors="0">
  <testcase name="f" time="0.01" classname="Merck.NewTest"/>
  <testcase name="basePageNavigation" time="18.002" classname="Merck.Homepage"/>
  <testcase name="basePageNavigation" time="17.59" classname="Merck.Homepage"/>
  <testcase name="basePageNavigation" time="20.73" classname="Merck.Homepage2"/>
  <testcase name="basePageNavigation" time="29.524" classname="Merck.Homepage2"/>
</testsuite> <!-- Test -->
