<?xml version="1.0" encoding="UTF-8"?>
<!-- Generated by org.testng.reporters.JUnitXMLReporter -->
<testsuite hostname="MEDLGJ620G2" name="Test 3" tests="2" failures="2" timestamp="21 Sep 2017 17:27:21 GMT" time="26.671" errors="0">
  <testcase name="validateNavigation" time="11.051" classname="Merck.Homepage2">
    <failure type="java.lang.AssertionError" message="expected [FEATURED COURSE] but found [FEATURED COURSES]">
      <![CDATA[java.lang.AssertionError: expected [FEATURED COURSE] but found [FEATURED COURSES]
	at Merck.Homepage2.validateNavigation(Homepage2.java:23)
... Removed 29 stack frames]]>
    </failure>
  </testcase> <!-- validateNavigation -->
  <testcase name="validateNavigation" time="14.375" classname="Merck.Homepage2">
    <failure type="java.lang.AssertionError" message="expected [FEATURED COURSE] but found [FEATURED COURSES]">
      <![CDATA[java.lang.AssertionError: expected [FEATURED COURSE] but found [FEATURED COURSES]
	at Merck.Homepage2.validateNavigation(Homepage2.java:23)
... Removed 29 stack frames]]>
    </failure>
  </testcase> <!-- validateNavigation -->
</testsuite> <!-- Test 3 -->
